<?xml version="1.0" encoding="UTF-8"?>
<!-- Generated by org.testng.reporters.JUnitReportReporter -->
<testsuite hostname="LAPTOP-C1PH655O" failures="0" tests="3" name="com.crm.qa.testcases.LoginPageTest" time="14.911" errors="0" timestamp="2022-05-17T17:11:47 CDT" skipped="0">
  <testcase classname="com.crm.qa.testcases.LoginPageTest" name="loginPageTitleTest" time="4.124"/>
  <system-out/>
  <testcase classname="com.crm.qa.testcases.LoginPageTest" name="crmLogoImageTest" time="4.572"/>
  <system-out/>
  <testcase classname="com.crm.qa.testcases.LoginPageTest" name="loginTest" time="6.215"/>
  <system-out/>
</testsuite> <!-- com.crm.qa.testcases.LoginPageTest -->
